#
# A fatal error has been detected by the Java Runtime Environment:
#
#  SIGBUS (0xa) at pc=0x0000000109ab215e, pid=99890, tid=45827
#
# JRE version: 7.0_09-b05
# Java VM: Java HotSpot(TM) 64-Bit Server VM (23.5-b02 mixed mode bsd-amd64 compressed oops)
# Problematic frame:
# C  [libzip.dylib+0x315e]  newEntry+0x154
#
# Failed to write core dump. Core dumps have been disabled. To enable core dumping, try "ulimit -c unlimited" before starting Java again
#
# If you would like to submit a bug report, please visit:
#   http://bugreport.sun.com/bugreport/crash.jsp
# The crash happened outside the Java Virtual Machine in native code.
# See problematic frame for where to report the bug.
#

---------------  T H R E A D  ---------------

Current thread (0x00007ff0bc19c000):  JavaThread "Thread-12" [_thread_in_native, id=45827, stack(0x000000010f199000,0x000000010f299000)]

siginfo:si_signo=SIGBUS: si_errno=0, si_code=2 (BUS_ADRERR), si_addr=0x000000010d9d504c

Registers:
RAX=0x00007ff0bb661190, RBX=0x000000010d9d5040, RCX=0x0000000000000001, RDX=0x0000000000000000
RSP=0x000000010f296f10, RBP=0x000000010f296f70, RSI=0x00000000fffc3fff, RDI=0x0000000108593a00
R8 =0x0000000000000004, R9 =0x00007ff0bd900000, R10=0x000000003037a7e8, R11=0x00000000d48da741
R12=0x000000000000474c, R13=0x000000010d913000, R14=0x00007ff0bb661190, R15=0x00000000000017c4
RIP=0x0000000109ab215e, EFLAGS=0x0000000000010202, ERR=0x0000000000000004
  TRAPNO=0x000000000000000e

Top of Stack: (sp=0x000000010f296f10)
0x000000010f296f10:   0000000100000000 0000000009ab162a
0x000000010f296f20:   00007fff77eb9940 00000007faf07940
0x000000010f296f30:   000000010f296f50 00007ff0bb661190
0x000000010f296f40:   00007ff0bd9002d0 000000009ac6435b
0x000000010f296f50:   000000000000474c 000000010d913000
0x000000010f296f60:   00007ff0bb661190 00000000000017c4
0x000000010f296f70:   000000010f296fc0 0000000109ab27d0
0x000000010f296f80:   000000000000002b 0000002bbc19c000
0x000000010f296f90:   000000010f296fde 000000010f297428
0x000000010f296fa0:   000000000000002b 000000010f296fde
0x000000010f296fb0:   00007ff0bb661190 00007ff0bc19c1d8
0x000000010f296fc0:   000000010f297410 0000000109ab162a
0x000000010f296fd0:   0000000000000000 726f000100000001
0x000000010f296fe0:   7370696c63652f67 2f797474656a2f65
0x000000010f296ff0:   7475462f6c697475 626c6c6143657275
0x000000010f297000:   73616c632e6b6361 000000010f290073
0x000000010f297010:   0000000000000004 000000010f2971b7
0x000000010f297020:   0000000000000009 0000000000000000
0x000000010f297030:   0000000000000000 5800000000000000
0x000000010f297040:   0000000000000000 0000000000000000
0x000000010f297050:   0000000000000000 0000000000000000
0x000000010f297060:   0000000000000000 0000000000000000
0x000000010f297070:   de00f2145fafb120 58007fff77eb9940
0x000000010f297080:   0000000000000000 ffffffffffffffff
0x000000010f297090:   000000010f297750 000000010f297280
0x000000010f2970a0:   000000010f297100 00007ff0bc19c000
0x000000010f2970b0:   0000000000000000 00007ff0bb4961c0
0x000000010f2970c0:   00000007ec64b228 0000000000000000
0x000000010f2970d0:   00000007ec64b2d8 00007ff00000000c
0x000000010f2970e0:   0000000000000000 00007ff0bb496188
0x000000010f2970f0:   00000007ec64b100 00007ff0bb42bb60
0x000000010f297100:   00007ff0bd88fe40 00007ff0bd88fe50 

Instructions: (pc=0x0000000109ab215e)
0x0000000109ab213e:   49 8b 7f 38 e8 83 19 00 00 4d 89 77 38 49 89 5f
0x0000000109ab214e:   40 4c 89 f0 48 85 c0 0f 84 16 05 00 00 48 89 c3
0x0000000109ab215e:   0f b6 43 0c 0f b6 4b 0d 48 c1 e1 08 48 01 c1 0f
0x0000000109ab216e:   b6 43 0e 0f b6 53 0f 48 c1 e2 08 48 01 c2 48 c1 

Register to memory mapping:

RAX=0x00007ff0bb661190 is an unknown value
RBX=0x000000010d9d5040 is an unknown value
RCX=0x0000000000000001 is an unknown value
RDX=0x0000000000000000 is an unknown value
RSP=0x000000010f296f10 is pointing into the stack for thread: 0x00007ff0bc19c000
RBP=0x000000010f296f70 is pointing into the stack for thread: 0x00007ff0bc19c000
RSI=0x00000000fffc3fff is an unknown value
RDI=0x0000000108593a00 is an unknown value
R8 =0x0000000000000004 is an unknown value
R9 =0x00007ff0bd900000 is an unknown value
R10=0x000000003037a7e8 is an unknown value
R11=0x00000000d48da741 is an unknown value
R12=0x000000000000474c is an unknown value
R13=0x000000010d913000 is an unknown value
R14=0x00007ff0bb661190 is an unknown value
R15=0x00000000000017c4 is an unknown value


Stack: [0x000000010f199000,0x000000010f299000],  sp=0x000000010f296f10,  free space=1015k
Native frames: (J=compiled Java code, j=interpreted, Vv=VM code, C=native code)
C  [libzip.dylib+0x315e]  newEntry+0x154
C  [libzip.dylib+0x37d0]  ZIP_GetEntry+0xa2
C  [libzip.dylib+0x262a]  Java_java_util_zip_ZipFile_getEntry+0xdd
J  java.util.zip.ZipFile.getEntry(J[BZ)J

Java frames: (J=compiled Java code, j=interpreted, Vv=VM code)
J  java.util.zip.ZipFile.getEntry(J[BZ)J
J  java.util.jar.JarFile.getEntry(Ljava/lang/String;)Ljava/util/zip/ZipEntry;
J  sun.misc.URLClassPath.getResource(Ljava/lang/String;Z)Lsun/misc/Resource;
j  java.net.URLClassLoader$1.run()Ljava/lang/Class;+26
j  java.net.URLClassLoader$1.run()Ljava/lang/Object;+1
v  ~StubRoutines::call_stub
j  java.security.AccessController.doPrivileged(Ljava/security/PrivilegedExceptionAction;Ljava/security/AccessControlContext;)Ljava/lang/Object;+0
j  java.net.URLClassLoader.findClass(Ljava/lang/String;)Ljava/lang/Class;+13
j  java.lang.ClassLoader.loadClass(Ljava/lang/String;Z)Ljava/lang/Class;+70
j  sun.misc.Launcher$AppClassLoader.loadClass(Ljava/lang/String;Z)Ljava/lang/Class;+36
j  java.lang.ClassLoader.loadClass(Ljava/lang/String;)Ljava/lang/Class;+3
v  ~StubRoutines::call_stub
j  org.eclipse.jetty.server.AbstractConnector.shutdown()Ljava/util/concurrent/Future;+0
j  org.eclipse.jetty.server.AbstractNetworkConnector.shutdown()Ljava/util/concurrent/Future;+5
j  org.eclipse.jetty.server.ServerConnector.shutdown()Ljava/util/concurrent/Future;+1
j  org.eclipse.jetty.server.Server.doStop()V+60
j  org.eclipse.jetty.util.component.AbstractLifeCycle.stop()V+30
j  org.eclipse.jetty.util.thread.ShutdownThread.run()V+41
v  ~StubRoutines::call_stub

---------------  P R O C E S S  ---------------

Java Threads: ( => current thread )
=>0x00007ff0bc19c000 JavaThread "Thread-12" [_thread_in_native, id=45827, stack(0x000000010f199000,0x000000010f299000)]
  0x00007ff0bd03d000 JavaThread "SIGINT handler" daemon [_thread_blocked, id=45315, stack(0x000000010db86000,0x000000010dc86000)]
  0x00007ff0bc1b2800 JavaThread "dw-admin-128" [_thread_blocked, id=45059, stack(0x000000010e921000,0x000000010ea21000)]
  0x00007ff0bc9fb000 JavaThread "dw-34" [_thread_blocked, id=16647, stack(0x000000010d238000,0x000000010d338000)]
  0x00007ff0bc05d000 JavaThread "Scheduler-1958871344" [_thread_blocked, id=10507, stack(0x000000010ef93000,0x000000010f093000)]
  0x00007ff0bb80b800 JavaThread "DestroyJavaVM" [_thread_blocked, id=3847, stack(0x00000001086be000,0x00000001087be000)]
  0x00007ff0bc9fa800 JavaThread "dw-admin-27-acceptor-1-admin@11c5ed81{HTTP/1.1}{0.0.0.0:8081}" [_thread_blocked, id=21251, stack(0x000000010ee90000,0x000000010ef90000)]
  0x00007ff0bc12e800 JavaThread "dw-admin-26-acceptor-0-admin@11c5ed81{HTTP/1.1}{0.0.0.0:8081}" [_thread_in_native, id=20995, stack(0x000000010ed8d000,0x000000010ee8d000)]
  0x00007ff0bd046800 JavaThread "dw-admin-25-selector-3" [_thread_in_native, id=20739, stack(0x000000010ec8a000,0x000000010ed8a000)]
  0x00007ff0bd250800 JavaThread "dw-admin-24-selector-2" [_thread_in_native, id=20483, stack(0x000000010eb87000,0x000000010ec87000)]
  0x00007ff0bb990000 JavaThread "dw-admin-23-selector-1" [_thread_in_native, id=20227, stack(0x000000010ea84000,0x000000010eb84000)]
  0x00007ff0bc10a800 JavaThread "dw-admin-22-selector-0" [_thread_in_native, id=19971, stack(0x000000010e81e000,0x000000010e91e000)]
  0x00007ff0bc175000 JavaThread "dw-18" [_thread_blocked, id=19459, stack(0x000000010e618000,0x000000010e718000)]
  0x00007ff0bc17a000 JavaThread "dw-17" [_thread_blocked, id=19203, stack(0x000000010e515000,0x000000010e615000)]
  0x00007ff0bc9f3000 JavaThread "dw-16" [_thread_blocked, id=18947, stack(0x000000010e412000,0x000000010e512000)]
  0x00007ff0bc8ef800 JavaThread "dw-15-selector-3" [_thread_in_native, id=18691, stack(0x000000010e30f000,0x000000010e40f000)]
  0x00007ff0bc8ee800 JavaThread "dw-14-selector-2" [_thread_in_native, id=18435, stack(0x000000010e20c000,0x000000010e30c000)]
  0x00007ff0bc9cd800 JavaThread "dw-13-selector-1" [_thread_in_native, id=18179, stack(0x000000010e109000,0x000000010e209000)]
  0x00007ff0bc965800 JavaThread "dw-12-selector-0" [_thread_in_native, id=17923, stack(0x000000010e006000,0x000000010e106000)]
  0x00007ff0bc965000 JavaThread "DateCache" daemon [_thread_blocked, id=17667, stack(0x000000010df03000,0x000000010e003000)]
  0x00007ff0bc902800 JavaThread "async-console-appender-2" [_thread_blocked, id=17411, stack(0x000000010de00000,0x000000010df00000)]
  0x00007ff0bd113800 JavaThread "async-console-appender-1" [_thread_blocked, id=17159, stack(0x000000010dcfd000,0x000000010ddfd000)]
  0x00007ff0bc05b800 JavaThread "Service Thread" daemon [_thread_blocked, id=15363, stack(0x000000010d648000,0x000000010d748000)]
  0x00007ff0bc000800 JavaThread "C2 CompilerThread1" daemon [_thread_blocked, id=15107, stack(0x000000010d545000,0x000000010d645000)]
  0x00007ff0bc839000 JavaThread "C2 CompilerThread0" daemon [_thread_blocked, id=14851, stack(0x000000010d442000,0x000000010d542000)]
  0x00007ff0bc81b800 JavaThread "Signal Dispatcher" daemon [_thread_blocked, id=14595, stack(0x000000010d33f000,0x000000010d43f000)]
  0x00007ff0bb80a800 JavaThread "Finalizer" daemon [_thread_blocked, id=9267, stack(0x000000010d0ef000,0x000000010d1ef000)]
  0x00007ff0bc050800 JavaThread "Reference Handler" daemon [_thread_blocked, id=271, stack(0x000000010cfec000,0x000000010d0ec000)]

Other Threads:
  0x00007ff0bd002000 VMThread [stack: 0x000000010cee9000,0x000000010cfe9000] [id=523]
  0x00007ff0bd00b800 WatcherThread [stack: 0x000000010d74b000,0x000000010d84b000] [id=15619]

VM state:not at safepoint (normal execution)

VM Mutex/Monitor currently owned by a thread: None

Heap
 def new generation   total 4608K, used 360K [0x00000007ec600000, 0x00000007ecaf0000, 0x00000007f1350000)
  eden space 4160K,   8% used [0x00000007ec600000, 0x00000007ec654e38, 0x00000007eca10000)
  from space 448K,   4% used [0x00000007eca10000, 0x00000007eca15278, 0x00000007eca80000)
  to   space 448K,   0% used [0x00000007eca80000, 0x00000007eca80000, 0x00000007ecaf0000)
 tenured generation   total 9920K, used 7318K [0x00000007f1350000, 0x00000007f1d00000, 0x00000007fae00000)
   the space 9920K,  73% used [0x00000007f1350000, 0x00000007f1a758f0, 0x00000007f1a75a00, 0x00000007f1d00000)
 compacting perm gen  total 21248K, used 20840K [0x00000007fae00000, 0x00000007fc2c0000, 0x0000000800000000)
   the space 21248K,  98% used [0x00000007fae00000, 0x00000007fc25a3f8, 0x00000007fc25a400, 0x00000007fc2c0000)
No shared spaces configured.

Card table byte_map: [0x000000010cb78000,0x000000010cc16000] byte_map_base: 0x0000000108c15000

Polling page: 0x00000001087fd000

Code Cache  [0x0000000109ab8000, 0x0000000109d28000, 0x000000010cab8000)
 total_blobs=623 nmethods=288 adapters=287 free_code_cache=48190Kb largest_free_block=49292736

Compilation events (10 events):
Event: 4583.081 Thread 0x00007ff0bc839000  301             sun.util.calendar.ZoneInfo::getOffsets (276 bytes)
Event: 4583.125 Thread 0x00007ff0bc839000 nmethod 301 0x0000000109b4a890 code [0x0000000109b4a9e0, 0x0000000109b4aab8]
Event: 4585.069 Thread 0x00007ff0bc000800  302             sun.util.calendar.ZoneInfo::getOffsets (8 bytes)
Event: 4585.072 Thread 0x00007ff0bc000800 nmethod 302 0x0000000109b4a510 code [0x0000000109b4a660, 0x0000000109b4a738]
Event: 4667.069 Thread 0x00007ff0bc839000  303             sun.util.calendar.BaseCalendar::getFixedDate (324 bytes)
Event: 4667.079 Thread 0x00007ff0bc839000 nmethod 303 0x0000000109b508d0 code [0x0000000109b50aa0, 0x0000000109b50f80]
Event: 5570.099 Thread 0x00007ff0bc000800  304             com.codahale.metrics.EWMA::tick (57 bytes)
Event: 5570.099 Thread 0x00007ff0bc839000  305             com.codahale.metrics.LongAdder::sumThenReset (66 bytes)
Event: 5570.104 Thread 0x00007ff0bc839000 nmethod 305 0x0000000109b55510 code [0x0000000109b55640, 0x0000000109b556d8]
Event: 5570.107 Thread 0x00007ff0bc000800 nmethod 304 0x0000000109b55210 code [0x0000000109b55360, 0x0000000109b55458]

GC Heap History (10 events):
Event: 93.833 GC heap before
{Heap before GC invocations=22 (full 1):
 def new generation   total 4608K, used 4607K [0x00000007ec600000, 0x00000007ecaf0000, 0x00000007f1350000)
  eden space 4160K, 100% used [0x00000007ec600000, 0x00000007eca10000, 0x00000007eca10000)
  from space 448K,  99% used [0x00000007eca80000, 0x00000007ecaefff8, 0x00000007ecaf0000)
  to   space 448K,   0% used [0x00000007eca10000, 0x00000007eca10000, 0x00000007eca80000)
 tenured generation   total 9920K, used 6638K [0x00000007f1350000, 0x00000007f1d00000, 0x00000007fae00000)
   the space 9920K,  66% used [0x00000007f1350000, 0x00000007f19cbb68, 0x00000007f19cbc00, 0x00000007f1d00000)
 compacting perm gen  total 21248K, used 20486K [0x00000007fae00000, 0x00000007fc2c0000, 0x0000000800000000)
   the space 21248K,  96% used [0x00000007fae00000, 0x00000007fc2018c0, 0x00000007fc201a00, 0x00000007fc2c0000)
No shared spaces configured.
Event: 93.838 GC heap after
Heap after GC invocations=23 (full 1):
 def new generation   total 4608K, used 447K [0x00000007ec600000, 0x00000007ecaf0000, 0x00000007f1350000)
  eden space 4160K,   0% used [0x00000007ec600000, 0x00000007ec600000, 0x00000007eca10000)
  from space 448K,  99% used [0x00000007eca10000, 0x00000007eca7fff0, 0x00000007eca80000)
  to   space 448K,   0% used [0x00000007eca80000, 0x00000007eca80000, 0x00000007ecaf0000)
 tenured generation   total 9920K, used 7021K [0x00000007f1350000, 0x00000007f1d00000, 0x00000007fae00000)
   the space 9920K,  70% used [0x00000007f1350000, 0x00000007f1a2b580, 0x00000007f1a2b600, 0x00000007f1d00000)
 compacting perm gen  total 21248K, used 20486K [0x00000007fae00000, 0x00000007fc2c0000, 0x0000000800000000)
   the space 21248K,  96% used [0x00000007fae00000, 0x00000007fc2018c0, 0x00000007fc201a00, 0x00000007fc2c0000)
No shared spaces configured.
}
Event: 857.146 GC heap before
{Heap before GC invocations=23 (full 1):
 def new generation   total 4608K, used 4607K [0x00000007ec600000, 0x00000007ecaf0000, 0x00000007f1350000)
  eden space 4160K, 100% used [0x00000007ec600000, 0x00000007eca10000, 0x00000007eca10000)
  from space 448K,  99% used [0x00000007eca10000, 0x00000007eca7fff0, 0x00000007eca80000)
  to   space 448K,   0% used [0x00000007eca80000, 0x00000007eca80000, 0x00000007ecaf0000)
 tenured generation   total 9920K, used 7021K [0x00000007f1350000, 0x00000007f1d00000, 0x00000007fae00000)
   the space 9920K,  70% used [0x00000007f1350000, 0x00000007f1a2b580, 0x00000007f1a2b600, 0x00000007f1d00000)
 compacting perm gen  total 21248K, used 20797K [0x00000007fae00000, 0x00000007fc2c0000, 0x0000000800000000)
   the space 21248K,  97% used [0x00000007fae00000, 0x00000007fc24f450, 0x00000007fc24f600, 0x00000007fc2c0000)
No shared spaces configured.
Event: 857.161 GC heap after
Heap after GC invocations=24 (full 1):
 def new generation   total 4608K, used 380K [0x00000007ec600000, 0x00000007ecaf0000, 0x00000007f1350000)
  eden space 4160K,   0% used [0x00000007ec600000, 0x00000007ec600000, 0x00000007eca10000)
  from space 448K,  84% used [0x00000007eca80000, 0x00000007ecadf330, 0x00000007ecaf0000)
  to   space 448K,   0% used [0x00000007eca10000, 0x00000007eca10000, 0x00000007eca80000)
 tenured generation   total 9920K, used 7134K [0x00000007f1350000, 0x00000007f1d00000, 0x00000007fae00000)
   the space 9920K,  71% used [0x00000007f1350000, 0x00000007f1a479c0, 0x00000007f1a47a00, 0x00000007f1d00000)
 compacting perm gen  total 21248K, used 20797K [0x00000007fae00000, 0x00000007fc2c0000, 0x0000000800000000)
   the space 21248K,  97% used [0x00000007fae00000, 0x00000007fc24f450, 0x00000007fc24f600, 0x00000007fc2c0000)
No shared spaces configured.
}
Event: 2463.757 GC heap before
{Heap before GC invocations=24 (full 1):
 def new generation   total 4608K, used 4540K [0x00000007ec600000, 0x00000007ecaf0000, 0x00000007f1350000)
  eden space 4160K, 100% used [0x00000007ec600000, 0x00000007eca10000, 0x00000007eca10000)
  from space 448K,  84% used [0x00000007eca80000, 0x00000007ecadf330, 0x00000007ecaf0000)
  to   space 448K,   0% used [0x00000007eca10000, 0x00000007eca10000, 0x00000007eca80000)
 tenured generation   total 9920K, used 7134K [0x00000007f1350000, 0x00000007f1d00000, 0x00000007fae00000)
   the space 9920K,  71% used [0x00000007f1350000, 0x00000007f1a479c0, 0x00000007f1a47a00, 0x00000007f1d00000)
 compacting perm gen  total 21248K, used 20810K [0x00000007fae00000, 0x00000007fc2c0000, 0x0000000800000000)
   the space 21248K,  97% used [0x00000007fae00000, 0x00000007fc252938, 0x00000007fc252a00, 0x00000007fc2c0000)
No shared spaces configured.
Event: 2463.764 GC heap after
Heap after GC invocations=25 (full 1):
 def new generation   total 4608K, used 1K [0x00000007ec600000, 0x00000007ecaf0000, 0x00000007f1350000)
  eden space 4160K,   0% used [0x00000007ec600000, 0x00000007ec600000, 0x00000007eca10000)
  from space 448K,   0% used [0x00000007eca10000, 0x00000007eca10610, 0x00000007eca80000)
  to   space 448K,   0% used [0x00000007eca80000, 0x00000007eca80000, 0x00000007ecaf0000)
 tenured generation   total 9920K, used 7318K [0x00000007f1350000, 0x00000007f1d00000, 0x00000007fae00000)
   the space 9920K,  73% used [0x00000007f1350000, 0x00000007f1a758f0, 0x00000007f1a75a00, 0x00000007f1d00000)
 compacting perm gen  total 21248K, used 20810K [0x00000007fae00000, 0x00000007fc2c0000, 0x0000000800000000)
   the space 21248K,  97% used [0x00000007fae00000, 0x00000007fc252938, 0x00000007fc252a00, 0x00000007fc2c0000)
No shared spaces configured.
}
Event: 4087.545 GC heap before
{Heap before GC invocations=25 (full 1):
 def new generation   total 4608K, used 4161K [0x00000007ec600000, 0x00000007ecaf0000, 0x00000007f1350000)
  eden space 4160K, 100% used [0x00000007ec600000, 0x00000007eca10000, 0x00000007eca10000)
  from space 448K,   0% used [0x00000007eca10000, 0x00000007eca10610, 0x00000007eca80000)
  to   space 448K,   0% used [0x00000007eca80000, 0x00000007eca80000, 0x00000007ecaf0000)
 tenured generation   total 9920K, used 7318K [0x00000007f1350000, 0x00000007f1d00000, 0x00000007fae00000)
   the space 9920K,  73% used [0x00000007f1350000, 0x00000007f1a758f0, 0x00000007f1a75a00, 0x00000007f1d00000)
 compacting perm gen  total 21248K, used 20814K [0x00000007fae00000, 0x00000007fc2c0000, 0x0000000800000000)
   the space 21248K,  97% used [0x00000007fae00000, 0x00000007fc253b10, 0x00000007fc253c00, 0x00000007fc2c0000)
No shared spaces configured.
Event: 4087.563 GC heap after
Heap after GC invocations=26 (full 1):
 def new generation   total 4608K, used 2K [0x00000007ec600000, 0x00000007ecaf0000, 0x00000007f1350000)
  eden space 4160K,   0% used [0x00000007ec600000, 0x00000007ec600000, 0x00000007eca10000)
  from space 448K,   0% used [0x00000007eca80000, 0x00000007eca808b8, 0x00000007ecaf0000)
  to   space 448K,   0% used [0x00000007eca10000, 0x00000007eca10000, 0x00000007eca80000)
 tenured generation   total 9920K, used 7318K [0x00000007f1350000, 0x00000007f1d00000, 0x00000007fae00000)
   the space 9920K,  73% used [0x00000007f1350000, 0x00000007f1a758f0, 0x00000007f1a75a00, 0x00000007f1d00000)
 compacting perm gen  total 21248K, used 20814K [0x00000007fae00000, 0x00000007fc2c0000, 0x0000000800000000)
   the space 21248K,  97% used [0x00000007fae00000, 0x00000007fc253b10, 0x00000007fc253c00, 0x00000007fc2c0000)
No shared spaces configured.
}
Event: 5607.987 GC heap before
{Heap before GC invocations=26 (full 1):
 def new generation   total 4608K, used 4162K [0x00000007ec600000, 0x00000007ecaf0000, 0x00000007f1350000)
  eden space 4160K, 100% used [0x00000007ec600000, 0x00000007eca10000, 0x00000007eca10000)
  from space 448K,   0% used [0x00000007eca80000, 0x00000007eca808b8, 0x00000007ecaf0000)
  to   space 448K,   0% used [0x00000007eca10000, 0x00000007eca10000, 0x00000007eca80000)
 tenured generation   total 9920K, used 7318K [0x00000007f1350000, 0x00000007f1d00000, 0x00000007fae00000)
   the space 9920K,  73% used [0x00000007f1350000, 0x00000007f1a758f0, 0x00000007f1a75a00, 0x00000007f1d00000)
 compacting perm gen  total 21248K, used 20827K [0x00000007fae00000, 0x00000007fc2c0000, 0x0000000800000000)
   the space 21248K,  98% used [0x00000007fae00000, 0x00000007fc256c40, 0x00000007fc256e00, 0x00000007fc2c0000)
No shared spaces configured.
Event: 5607.995 GC heap after
Heap after GC invocations=27 (full 1):
 def new generation   total 4608K, used 20K [0x00000007ec600000, 0x00000007ecaf0000, 0x00000007f1350000)
  eden space 4160K,   0% used [0x00000007ec600000, 0x00000007ec600000, 0x00000007eca10000)
  from space 448K,   4% used [0x00000007eca10000, 0x00000007eca15278, 0x00000007eca80000)
  to   space 448K,   0% used [0x00000007eca80000, 0x00000007eca80000, 0x00000007ecaf0000)
 tenured generation   total 9920K, used 7318K [0x00000007f1350000, 0x00000007f1d00000, 0x00000007fae00000)
   the space 9920K,  73% used [0x00000007f1350000, 0x00000007f1a758f0, 0x00000007f1a75a00, 0x00000007f1d00000)
 compacting perm gen  total 21248K, used 20827K [0x00000007fae00000, 0x00000007fc2c0000, 0x0000000800000000)
   the space 21248K,  98% used [0x00000007fae00000, 0x00000007fc256c40, 0x00000007fc256e00, 0x00000007fc2c0000)
No shared spaces configured.
}

Deoptimization events (10 events):
Event: 0.742 Thread 0x00007ff0bc002800 Uncommon trap -83 fr.pc 0x0000000109b41344
Event: 0.978 Thread 0x00007ff0bc002800 Uncommon trap -34 fr.pc 0x0000000109b23018
Event: 0.985 Thread 0x00007ff0bc002800 Uncommon trap -34 fr.pc 0x0000000109b23018
Event: 1.166 Thread 0x00007ff0bc002800 Uncommon trap -83 fr.pc 0x0000000109b4dc08
Event: 1.167 Thread 0x00007ff0bc002800 Uncommon trap -83 fr.pc 0x0000000109b45088
Event: 1.912 Thread 0x00007ff0bc002800 Uncommon trap -83 fr.pc 0x0000000109b71af4
Event: 2.042 Thread 0x00007ff0bc002800 Uncommon trap -83 fr.pc 0x0000000109b5d01c
Event: 2.156 Thread 0x00007ff0bc002800 Uncommon trap -12 fr.pc 0x0000000109b89268
Event: 320.069 Thread 0x00007ff0bc965000 Uncommon trap -28 fr.pc 0x0000000109b9a5e8
Event: 5570.103 Thread 0x00007ff0bc902800 Uncommon trap -83 fr.pc 0x0000000109ba1f64

Internal exceptions (10 events):
Event: 93.905 Thread 0x00007ff0bc175000 Threw 0x00000007ec76f930 at /HUDSON/workspace/jdk7u9-2-build-macosx-amd64-product/jdk7u9/hotspot/src/share/vm/prims/jvm.cpp:1166
Event: 93.905 Thread 0x00007ff0bc175000 Threw 0x00000007ec7736e8 at /HUDSON/workspace/jdk7u9-2-build-macosx-amd64-product/jdk7u9/hotspot/src/share/vm/prims/jvm.cpp:1166
Event: 93.906 Thread 0x00007ff0bc175000 Threw 0x00000007ec7772b8 at /HUDSON/workspace/jdk7u9-2-build-macosx-amd64-product/jdk7u9/hotspot/src/share/vm/prims/jvm.cpp:1166
Event: 93.906 Thread 0x00007ff0bc175000 Threw 0x00000007ec77b278 at /HUDSON/workspace/jdk7u9-2-build-macosx-amd64-product/jdk7u9/hotspot/src/share/vm/prims/jvm.cpp:1166
Event: 123.909 Thread 0x00007ff0bc05d000 Threw 0x00000007ec7df210 at /HUDSON/workspace/jdk7u9-2-build-macosx-amd64-product/jdk7u9/hotspot/src/share/vm/prims/jvm.cpp:1166
Event: 123.909 Thread 0x00007ff0bc05d000 Threw 0x00000007ec7e30b0 at /HUDSON/workspace/jdk7u9-2-build-macosx-amd64-product/jdk7u9/hotspot/src/share/vm/prims/jvm.cpp:1166
Event: 130.119 Thread 0x00007ff0bc175000 Threw 0x00000007ec810d70 at /HUDSON/workspace/jdk7u9-2-build-macosx-amd64-product/jdk7u9/hotspot/src/share/vm/prims/jvm.cpp:1166
Event: 145.299 Thread 0x00007ff0bc19c000 Threw 0x00000007ec7e9110 at /HUDSON/workspace/jdk7u9-2-build-macosx-amd64-product/jdk7u9/hotspot/src/share/vm/prims/jvm.cpp:1166
Event: 5653.923 Thread 0x00007ff0bc9f3000 Threw 0x00000007ec64bce0 at /HUDSON/workspace/jdk7u9-2-build-macosx-amd64-product/jdk7u9/hotspot/src/share/vm/prims/jni.cpp:716
Event: 5653.924 Thread 0x00007ff0bc19c000 Threw 0x00000007ec64b200 at /HUDSON/workspace/jdk7u9-2-build-macosx-amd64-product/jdk7u9/hotspot/src/share/vm/prims/jvm.cpp:1166

Events (10 events):
Event: 5653.920 loading class 0x00007ff0bb677360
Event: 5653.921 loading class 0x00007ff0bb677360 done
Event: 5653.921 loading class 0x00007ff0bb677320 done
Event: 5653.921 Thread 0x00007ff0bd03e000 Thread added: 0x00007ff0bd03e000
Event: 5653.921 Thread 0x00007ff0bc19c000 Thread added: 0x00007ff0bc19c000
Event: 5653.922 Thread 0x00007ff0bd03e000 Thread exited: 0x00007ff0bd03e000
Event: 5653.923 loading class 0x00007ff0bb462e90
Event: 5653.923 loading class 0x00007ff0bd82e8b0
Event: 5653.923 loading class 0x00007ff0bd82e8b0 done
Event: 5653.923 loading class 0x00007ff0bb462e90 done


Dynamic libraries:
0x0000000005c3d000 	/System/Library/Frameworks/Cocoa.framework/Versions/A/Cocoa
0x0000000005c3d000 	/System/Library/Frameworks/Security.framework/Versions/A/Security
0x0000000005c3d000 	/System/Library/Frameworks/ApplicationServices.framework/Versions/A/ApplicationServices
0x0000000005c3d000 	/usr/lib/libz.1.dylib
0x0000000005c3d000 	/usr/lib/libSystem.B.dylib
0x0000000005c3d000 	/usr/lib/libobjc.A.dylib
0x0000000005c3d000 	/System/Library/Frameworks/CoreFoundation.framework/Versions/A/CoreFoundation
0x0000000005c3d000 	/System/Library/Frameworks/AppKit.framework/Versions/C/AppKit
0x0000000005c3d000 	/System/Library/Frameworks/CoreData.framework/Versions/A/CoreData
0x0000000005c3d000 	/System/Library/Frameworks/Foundation.framework/Versions/C/Foundation
0x0000000005c3d000 	/System/Library/PrivateFrameworks/RemoteViewServices.framework/Versions/A/RemoteViewServices
0x0000000005c3d000 	/System/Library/Frameworks/AudioToolbox.framework/Versions/A/AudioToolbox
0x0000000005c3d000 	/System/Library/Frameworks/AudioUnit.framework/Versions/A/AudioUnit
0x0000000005c3d000 	/System/Library/PrivateFrameworks/DataDetectorsCore.framework/Versions/A/DataDetectorsCore
0x0000000005c3d000 	/System/Library/PrivateFrameworks/DesktopServicesPriv.framework/Versions/A/DesktopServicesPriv
0x0000000005c3d000 	/System/Library/Frameworks/Carbon.framework/Versions/A/Frameworks/HIToolbox.framework/Versions/A/HIToolbox
0x0000000005c3d000 	/System/Library/Frameworks/QuartzCore.framework/Versions/A/QuartzCore
0x0000000005c3d000 	/System/Library/Frameworks/Carbon.framework/Versions/A/Frameworks/SpeechRecognition.framework/Versions/A/SpeechRecognition
0x0000000005c3d000 	/usr/lib/libauto.dylib
0x0000000005c3d000 	/usr/lib/libicucore.A.dylib
0x0000000005c3d000 	/usr/lib/libxml2.2.dylib
0x0000000005c3d000 	/System/Library/PrivateFrameworks/CoreUI.framework/Versions/A/CoreUI
0x0000000005c3d000 	/System/Library/Frameworks/CoreAudio.framework/Versions/A/CoreAudio
0x0000000005c3d000 	/System/Library/Frameworks/DiskArbitration.framework/Versions/A/DiskArbitration
0x0000000005c3d000 	/usr/lib/liblangid.dylib
0x0000000005c3d000 	/System/Library/PrivateFrameworks/MultitouchSupport.framework/Versions/A/MultitouchSupport
0x0000000005c3d000 	/System/Library/Frameworks/IOKit.framework/Versions/A/IOKit
0x0000000005c3d000 	/usr/lib/libDiagnosticMessagesClient.dylib
0x0000000005c3d000 	/System/Library/Frameworks/CoreServices.framework/Versions/A/CoreServices
0x0000000005c3d000 	/System/Library/PrivateFrameworks/PerformanceAnalysis.framework/Versions/A/PerformanceAnalysis
0x0000000005c3d000 	/System/Library/PrivateFrameworks/GenerationalStorage.framework/Versions/A/GenerationalStorage
0x0000000005c3d000 	/System/Library/Frameworks/OpenGL.framework/Versions/A/OpenGL
0x0000000005c3d000 	/System/Library/PrivateFrameworks/Sharing.framework/Versions/A/Sharing
0x0000000005c3d000 	/System/Library/Frameworks/ImageIO.framework/Versions/A/ImageIO
0x0000000005c3d000 	/System/Library/Frameworks/CoreText.framework/Versions/A/CoreText
0x0000000005c3d000 	/System/Library/Frameworks/CoreGraphics.framework/Versions/A/CoreGraphics
0x0000000005c3d000 	/System/Library/PrivateFrameworks/Backup.framework/Versions/A/Backup
0x0000000005c3d000 	/System/Library/Frameworks/CFNetwork.framework/Versions/A/CFNetwork
0x0000000005c3d000 	/System/Library/Frameworks/SystemConfiguration.framework/Versions/A/SystemConfiguration
0x0000000005c3d000 	/usr/lib/libCRFSuite.dylib
0x0000000005c3d000 	/usr/lib/libc++.1.dylib
0x0000000005c3d000 	/usr/lib/libc++abi.dylib
0x0000000005c3d000 	/usr/lib/system/libcache.dylib
0x0000000005c3d000 	/usr/lib/system/libcommonCrypto.dylib
0x0000000005c3d000 	/usr/lib/system/libcompiler_rt.dylib
0x0000000005c3d000 	/usr/lib/system/libcopyfile.dylib
0x0000000005c3d000 	/usr/lib/system/libcorecrypto.dylib
0x0000000005c3d000 	/usr/lib/system/libdispatch.dylib
0x0000000005c3d000 	/usr/lib/system/libdyld.dylib
0x0000000005c3d000 	/usr/lib/system/libkeymgr.dylib
0x0000000005c3d000 	/usr/lib/system/liblaunch.dylib
0x0000000005c3d000 	/usr/lib/system/libmacho.dylib
0x0000000005c3d000 	/usr/lib/system/libquarantine.dylib
0x0000000005c3d000 	/usr/lib/system/libremovefile.dylib
0x0000000005c3d000 	/usr/lib/system/libsystem_asl.dylib
0x0000000005c3d000 	/usr/lib/system/libsystem_blocks.dylib
0x0000000005c3d000 	/usr/lib/system/libsystem_c.dylib
0x0000000005c3d000 	/usr/lib/system/libsystem_configuration.dylib
0x0000000005c3d000 	/usr/lib/system/libsystem_dnssd.dylib
0x0000000005c3d000 	/usr/lib/system/libsystem_info.dylib
0x0000000005c3d000 	/usr/lib/system/libsystem_kernel.dylib
0x0000000005c3d000 	/usr/lib/system/libsystem_m.dylib
0x0000000005c3d000 	/usr/lib/system/libsystem_malloc.dylib
0x0000000005c3d000 	/usr/lib/system/libsystem_network.dylib
0x0000000005c3d000 	/usr/lib/system/libsystem_notify.dylib
0x0000000005c3d000 	/usr/lib/system/libsystem_platform.dylib
0x0000000005c3d000 	/usr/lib/system/libsystem_pthread.dylib
0x0000000005c3d000 	/usr/lib/system/libsystem_sandbox.dylib
0x0000000005c3d000 	/usr/lib/system/libsystem_stats.dylib
0x0000000005c3d000 	/usr/lib/system/libunc.dylib
0x0000000005c3d000 	/usr/lib/system/libunwind.dylib
0x0000000005c3d000 	/usr/lib/system/libxpc.dylib
0x0000000005c3d000 	/usr/lib/libbsm.0.dylib
0x0000000005c3d000 	/usr/lib/libsqlite3.dylib
0x0000000005c3d000 	/usr/lib/libxar.1.dylib
0x0000000005c3d000 	/usr/lib/libpam.2.dylib
0x0000000005c3d000 	/usr/lib/libOpenScriptingUtil.dylib
0x0000000005c3d000 	/usr/lib/libbz2.1.0.dylib
0x0000000005c3d000 	/System/Library/Frameworks/CoreServices.framework/Versions/A/Frameworks/CarbonCore.framework/Versions/A/CarbonCore
0x0000000005c3d000 	/System/Library/Frameworks/CoreServices.framework/Versions/A/Frameworks/Metadata.framework/Versions/A/Metadata
0x0000000005c3d000 	/System/Library/Frameworks/CoreServices.framework/Versions/A/Frameworks/OSServices.framework/Versions/A/OSServices
0x0000000005c3d000 	/System/Library/Frameworks/CoreServices.framework/Versions/A/Frameworks/SearchKit.framework/Versions/A/SearchKit
0x0000000005c3d000 	/System/Library/Frameworks/CoreServices.framework/Versions/A/Frameworks/AE.framework/Versions/A/AE
0x0000000005c3d000 	/System/Library/Frameworks/CoreServices.framework/Versions/A/Frameworks/LaunchServices.framework/Versions/A/LaunchServices
0x0000000005c3d000 	/System/Library/Frameworks/CoreServices.framework/Versions/A/Frameworks/DictionaryServices.framework/Versions/A/DictionaryServices
0x0000000005c3d000 	/System/Library/Frameworks/NetFS.framework/Versions/A/NetFS
0x0000000005c3d000 	/usr/lib/system/libkxld.dylib
0x0000000005c3d000 	/System/Library/PrivateFrameworks/NetAuth.framework/Versions/A/NetAuth
0x0000000005c3d000 	/System/Library/PrivateFrameworks/TCC.framework/Versions/A/TCC
0x0000000005c3d000 	/System/Library/Frameworks/OpenDirectory.framework/Versions/A/Frameworks/CFOpenDirectory.framework/Versions/A/CFOpenDirectory
0x0000000005c3d000 	/System/Library/Frameworks/ServiceManagement.framework/Versions/A/ServiceManagement
0x0000000005c3d000 	/usr/lib/libxslt.1.dylib
0x0000000005c3d000 	/System/Library/Frameworks/Carbon.framework/Versions/A/Frameworks/Ink.framework/Versions/A/Ink
0x0000000005c3d000 	/System/Library/Frameworks/ApplicationServices.framework/Versions/A/Frameworks/ATS.framework/Versions/A/ATS
0x0000000005c3d000 	/System/Library/Frameworks/ApplicationServices.framework/Versions/A/Frameworks/ColorSync.framework/Versions/A/ColorSync
0x0000000005c3d000 	/System/Library/Frameworks/ApplicationServices.framework/Versions/A/Frameworks/HIServices.framework/Versions/A/HIServices
0x0000000005c3d000 	/System/Library/Frameworks/ApplicationServices.framework/Versions/A/Frameworks/LangAnalysis.framework/Versions/A/LangAnalysis
0x0000000005c3d000 	/System/Library/Frameworks/ApplicationServices.framework/Versions/A/Frameworks/PrintCore.framework/Versions/A/PrintCore
0x0000000005c3d000 	/System/Library/Frameworks/ApplicationServices.framework/Versions/A/Frameworks/QD.framework/Versions/A/QD
0x0000000005c3d000 	/System/Library/Frameworks/ApplicationServices.framework/Versions/A/Frameworks/SpeechSynthesis.framework/Versions/A/SpeechSynthesis
0x0000000005c3d000 	/System/Library/Frameworks/IOSurface.framework/Versions/A/IOSurface
0x0000000005c3d000 	/System/Library/Frameworks/Accelerate.framework/Versions/A/Accelerate
0x0000000005c3d000 	/System/Library/Frameworks/Accelerate.framework/Versions/A/Frameworks/vImage.framework/Versions/A/vImage
0x0000000005c3d000 	/System/Library/Frameworks/Accelerate.framework/Versions/A/Frameworks/vecLib.framework/Versions/A/vecLib
0x0000000005c3d000 	/System/Library/Frameworks/Accelerate.framework/Versions/A/Frameworks/vecLib.framework/Versions/A/libvDSP.dylib
0x0000000005c3d000 	/System/Library/Frameworks/Accelerate.framework/Versions/A/Frameworks/vecLib.framework/Versions/A/libvMisc.dylib
0x0000000005c3d000 	/System/Library/Frameworks/Accelerate.framework/Versions/A/Frameworks/vecLib.framework/Versions/A/libLAPACK.dylib
0x0000000005c3d000 	/System/Library/Frameworks/Accelerate.framework/Versions/A/Frameworks/vecLib.framework/Versions/A/libBLAS.dylib
0x0000000005c3d000 	/System/Library/Frameworks/ApplicationServices.framework/Versions/A/Frameworks/ATS.framework/Versions/A/Resources/libFontParser.dylib
0x0000000005c3d000 	/System/Library/Frameworks/ApplicationServices.framework/Versions/A/Frameworks/ATS.framework/Versions/A/Resources/libFontRegistry.dylib
0x0000000005c3d000 	/System/Library/Frameworks/ImageIO.framework/Versions/A/Resources/libJPEG.dylib
0x0000000005c3d000 	/System/Library/Frameworks/ImageIO.framework/Versions/A/Resources/libTIFF.dylib
0x0000000005c3d000 	/System/Library/Frameworks/ImageIO.framework/Versions/A/Resources/libPng.dylib
0x0000000005c3d000 	/System/Library/Frameworks/ImageIO.framework/Versions/A/Resources/libGIF.dylib
0x0000000005c3d000 	/System/Library/Frameworks/ImageIO.framework/Versions/A/Resources/libJP2.dylib
0x0000000005c3d000 	/System/Library/Frameworks/ImageIO.framework/Versions/A/Resources/libRadiance.dylib
0x0000000005c3d000 	/usr/lib/libcups.2.dylib
0x0000000005c3d000 	/System/Library/Frameworks/Kerberos.framework/Versions/A/Kerberos
0x0000000005c3d000 	/System/Library/Frameworks/GSS.framework/Versions/A/GSS
0x0000000005c3d000 	/usr/lib/libresolv.9.dylib
0x0000000005c3d000 	/usr/lib/libiconv.2.dylib
0x0000000005c3d000 	/System/Library/PrivateFrameworks/Heimdal.framework/Versions/A/Heimdal
0x0000000005c3d000 	/System/Library/PrivateFrameworks/TrustEvaluationAgent.framework/Versions/A/TrustEvaluationAgent
0x0000000005c3d000 	/usr/lib/libheimdal-asn1.dylib
0x0000000005c3d000 	/System/Library/Frameworks/OpenDirectory.framework/Versions/A/OpenDirectory
0x0000000005c3d000 	/System/Library/PrivateFrameworks/CommonAuth.framework/Versions/A/CommonAuth
0x0000000005c3d000 	/System/Library/Frameworks/SecurityFoundation.framework/Versions/A/SecurityFoundation
0x0000000005c3d000 	/System/Library/PrivateFrameworks/Bom.framework/Versions/A/Bom
0x0000000005c3d000 	/System/Library/Frameworks/CoreVideo.framework/Versions/A/CoreVideo
0x0000000005c3d000 	/System/Library/Frameworks/QuartzCore.framework/Versions/A/Frameworks/CoreImage.framework/Versions/A/CoreImage
0x0000000005c3d000 	/System/Library/Frameworks/QuartzCore.framework/Versions/A/Frameworks/ScalableUserInterface.framework/Versions/A/ScalableUserInterface
0x0000000005c3d000 	/System/Library/Frameworks/OpenGL.framework/Versions/A/Libraries/libGLU.dylib
0x0000000005c3d000 	/System/Library/Frameworks/OpenGL.framework/Versions/A/Libraries/libGFXShared.dylib
0x0000000005c3d000 	/System/Library/Frameworks/OpenGL.framework/Versions/A/Libraries/libGL.dylib
0x0000000005c3d000 	/System/Library/Frameworks/OpenGL.framework/Versions/A/Libraries/libGLImage.dylib
0x0000000005c3d000 	/System/Library/Frameworks/OpenGL.framework/Versions/A/Libraries/libCVMSPluginSupport.dylib
0x0000000005c3d000 	/System/Library/Frameworks/OpenGL.framework/Versions/A/Libraries/libCoreVMClient.dylib
0x0000000005c3d000 	/System/Library/PrivateFrameworks/FaceCore.framework/Versions/A/FaceCore
0x0000000005c3d000 	/System/Library/PrivateFrameworks/CrashReporterSupport.framework/Versions/A/CrashReporterSupport
0x0000000005c3d000 	/System/Library/Frameworks/OpenCL.framework/Versions/A/OpenCL
0x0000000005c3d000 	/System/Library/PrivateFrameworks/AppleFSCompression.framework/Versions/A/AppleFSCompression
0x0000000005c3d000 	/System/Library/PrivateFrameworks/Ubiquity.framework/Versions/A/Ubiquity
0x0000000005c3d000 	/System/Library/PrivateFrameworks/IconServices.framework/Versions/A/IconServices
0x0000000005c3d000 	/System/Library/PrivateFrameworks/ChunkingLibrary.framework/Versions/A/ChunkingLibrary
0x0000000005c3d000 	/System/Library/PrivateFrameworks/CoreSymbolication.framework/Versions/A/CoreSymbolication
0x0000000005c3d000 	/System/Library/PrivateFrameworks/Symbolication.framework/Versions/A/Symbolication
0x0000000005c3d000 	/System/Library/PrivateFrameworks/DebugSymbols.framework/Versions/A/DebugSymbols
0x0000000109000000 	/Library/Java/JavaVirtualMachines/jdk1.7.0_09.jdk/Contents/Home/jre/lib/server/libjvm.dylib
0x0000000005c3d000 	/usr/lib/libstdc++.6.dylib
0x00000001087c0000 	/Library/Java/JavaVirtualMachines/jdk1.7.0_09.jdk/Contents/Home/jre/lib/libverify.dylib
0x00000001087cd000 	/Library/Java/JavaVirtualMachines/jdk1.7.0_09.jdk/Contents/Home/jre/lib/libjava.dylib
0x0000000109aaf000 	/Library/Java/JavaVirtualMachines/jdk1.7.0_09.jdk/Contents/Home/jre/lib/libzip.dylib
0x000000010d1f1000 	/System/Library/Frameworks/JavaVM.framework/Frameworks/JavaRuntimeSupport.framework/JavaRuntimeSupport
0x000000010d209000 	/System/Library/Frameworks/JavaVM.framework/Versions/A/Frameworks/JavaNativeFoundation.framework/Versions/A/JavaNativeFoundation
0x000000010d21e000 	/System/Library/Frameworks/JavaVM.framework/Versions/A/JavaVM
0x0000000005c3d000 	/System/Library/Frameworks/Carbon.framework/Versions/A/Carbon
0x000000010d22b000 	/System/Library/PrivateFrameworks/JavaLaunching.framework/Versions/A/JavaLaunching
0x0000000005c3d000 	/System/Library/Frameworks/Carbon.framework/Versions/A/Frameworks/CommonPanels.framework/Versions/A/CommonPanels
0x0000000005c3d000 	/System/Library/Frameworks/Carbon.framework/Versions/A/Frameworks/Help.framework/Versions/A/Help
0x0000000005c3d000 	/System/Library/Frameworks/Carbon.framework/Versions/A/Frameworks/ImageCapture.framework/Versions/A/ImageCapture
0x0000000005c3d000 	/System/Library/Frameworks/Carbon.framework/Versions/A/Frameworks/OpenScripting.framework/Versions/A/OpenScripting
0x0000000005c3d000 	/System/Library/Frameworks/Carbon.framework/Versions/A/Frameworks/Print.framework/Versions/A/Print
0x0000000005c3d000 	/System/Library/Frameworks/Carbon.framework/Versions/A/Frameworks/SecurityHI.framework/Versions/A/SecurityHI
0x000000010d8fc000 	/Library/Java/JavaVirtualMachines/jdk1.7.0_09.jdk/Contents/Home/jre/lib/libnio.dylib
0x000000010da2e000 	/Library/Java/JavaVirtualMachines/jdk1.7.0_09.jdk/Contents/Home/jre/lib/./libnet.dylib
0x000000010d90b000 	/Library/Java/JavaVirtualMachines/jdk1.7.0_09.jdk/Contents/Home/jre/lib/libmanagement.dylib

VM Arguments:
java_command: target/ieg-dqvis-1.0-SNAPSHOT.jar server hello-world.yml
Launcher Type: SUN_STANDARD

Environment Variables:
PATH=/Applications/MAMP/bin/php/php5.5.10/bin:/usr/local/mysql/bin:/usr/bin:/bin:/usr/sbin:/sbin:/usr/local/bin:/opt/X11/bin:/usr/texbin:/usr/local/git/bin/:/Users/evolution/Dropbox/University/2013WS/Knowledge:/usr/local/mvn/bin
SHELL=/bin/bash
DISPLAY=/tmp/launch-BKRZXf/org.macosforge.xquartz:0

Signal Handlers:
SIGSEGV: [libjvm.dylib+0x4a3a1d], sa_mask[0]=0xfffefeff, sa_flags=0x00000042
SIGBUS: [libjvm.dylib+0x4a3a1d], sa_mask[0]=0xfffefeff, sa_flags=0x00000042
SIGFPE: [libjvm.dylib+0x3b3431], sa_mask[0]=0xfffefeff, sa_flags=0x00000042
SIGPIPE: [libjvm.dylib+0x3b3431], sa_mask[0]=0xfffefeff, sa_flags=0x00000042
SIGXFSZ: [libjvm.dylib+0x3b3431], sa_mask[0]=0xfffefeff, sa_flags=0x00000042
SIGILL: [libjvm.dylib+0x3b3431], sa_mask[0]=0xfffefeff, sa_flags=0x00000042
SIGUSR1: SIG_DFL, sa_mask[0]=0x63807efb, sa_flags=0x00000000
SIGUSR2: [libjvm.dylib+0x3b2fca], sa_mask[0]=0x00000000, sa_flags=0x00000042
SIGHUP: [libjvm.dylib+0x3b122b], sa_mask[0]=0xfffefeff, sa_flags=0x00000042
SIGINT: [libjvm.dylib+0x3b122b], sa_mask[0]=0xfffefeff, sa_flags=0x00000042
SIGTERM: [libjvm.dylib+0x3b122b], sa_mask[0]=0xfffefeff, sa_flags=0x00000042
SIGQUIT: [libjvm.dylib+0x3b122b], sa_mask[0]=0xfffefeff, sa_flags=0x00000042


---------------  S Y S T E M  ---------------

OS:Bsduname:Darwin 13.2.0 Darwin Kernel Version 13.2.0: Thu Apr 17 23:03:13 PDT 2014; root:xnu-2422.100.13~1/RELEASE_X86_64 x86_64
rlimit: STACK 8192k, CORE 0k, NPROC 709, NOFILE 10240, AS infinity
load average:2.08 1.86 2.03

CPU:total 4 (2 cores per cpu, 2 threads per core) family 6 model 42 stepping 7, cmov, cx8, fxsr, mmx, sse, sse2, sse3, ssse3, sse4.1, sse4.2, popcnt, avx, ht, tsc, tscinvbit

Memory: 4k page, physical 946848k(236712k free)

/proc/meminfo:


vm_info: Java HotSpot(TM) 64-Bit Server VM (23.5-b02) for bsd-amd64 JRE (1.7.0_09-b05), built on Sep 24 2012 21:39:08 by "java_re" with gcc 4.2.1 (Based on Apple Inc. build 5658) (LLVM build 2336.9.00)

time: Mon Jul  7 20:55:25 2014
elapsed time: 5653 seconds

